<?xml version="1.0" encoding="UTF-8"?>
<!-- Generated by org.testng.reporters.JUnitReportReporter -->
<testsuite skipped="0" hostname="Rayhans-MBP.fios-router.home" name="capitolis.qa.checkbox.CheckBoxes" tests="5" failures="0" timestamp="2022-03-13T22:03:33 EDT" time="166.237" errors="0">
  <testcase name="checKBoxButtonTest" time="32.313" classname="capitolis.qa.checkbox.CheckBoxes"/>
  <system-out/>
  <testcase name="checkBox1WithoutSelectTest" time="32.420" classname="capitolis.qa.checkbox.CheckBoxes"/>
  <system-out/>
  <testcase name="checkBox2WithSelectTest" time="36.318" classname="capitolis.qa.checkbox.CheckBoxes"/>
  <system-out/>
  <testcase name="checkBox1WithSelectTest" time="32.511" classname="capitolis.qa.checkbox.CheckBoxes"/>
  <system-out/>
  <testcase name="checkBox2WithoutSelectTest" time="32.675" classname="capitolis.qa.checkbox.CheckBoxes"/>
  <system-out/>
</testsuite> <!-- capitolis.qa.checkbox.CheckBoxes -->
