<?xml version="1.0" encoding="UTF-8"?>
<!-- Generated by org.testng.reporters.JUnitReportReporter -->
<testsuite skipped="2" hostname="Rayhans-MBP.fios-router.home" name="capitolis.qa.basicauth.BasicAuth" tests="3" failures="0" timestamp="2022-03-12T14:56:56 EST" time="37.538" errors="0">
  <testcase name="validationAfterPopUpHandleTest" time="37.538" classname="capitolis.qa.basicauth.BasicAuth"/>
  <system-out/>
  <testcase name="basicAuthButtonTest" classname="capitolis.qa.basicauth.BasicAuth">
    <skipped/>
  </testcase> <!-- basicAuthButtonTest -->
  <system-out/>
  <testcase name="authenticationPopUpHandleTest" classname="capitolis.qa.basicauth.BasicAuth">
    <skipped/>
  </testcase> <!-- authenticationPopUpHandleTest -->
  <system-out/>
</testsuite> <!-- capitolis.qa.basicauth.BasicAuth -->
