<?xml version="1.0" encoding="UTF-8"?>
<!-- Generated by org.testng.reporters.JUnitReportReporter -->
<testsuite skipped="3" hostname="Rayhans-MBP.fios-router.home" name="capitolis.qa.dynamiccontrols.DynamicControls" tests="4" failures="0" timestamp="2022-03-12T14:56:56 EST" time="40.525" errors="0">
  <testcase name="messageAfterClickOnRemoveTest" time="40.525" classname="capitolis.qa.dynamiccontrols.DynamicControls"/>
  <system-out/>
  <testcase name="dynamicControlsButtonTest" classname="capitolis.qa.dynamiccontrols.DynamicControls">
    <skipped/>
  </testcase> <!-- dynamicControlsButtonTest -->
  <system-out/>
  <testcase name="aCheckBoxCheckedTest" classname="capitolis.qa.dynamiccontrols.DynamicControls">
    <skipped/>
  </testcase> <!-- aCheckBoxCheckedTest -->
  <system-out/>
  <testcase name="removeButtonTest" classname="capitolis.qa.dynamiccontrols.DynamicControls">
    <skipped/>
  </testcase> <!-- removeButtonTest -->
  <system-out/>
</testsuite> <!-- capitolis.qa.dynamiccontrols.DynamicControls -->
