<?xml version="1.0" encoding="UTF-8"?>
<!-- Generated by org.testng.reporters.JUnitReportReporter -->
<testsuite skipped="0" hostname="Rayhans-MBP.fios-router.home" name="capitolis.qa.jqueryuimenus.JQUeryUIMenus" tests="6" failures="0" timestamp="2022-03-13T22:03:33 EDT" time="33.115" errors="0">
  <testcase name="jQueryUIMenusButtonTest" time="2.225" classname="capitolis.qa.jqueryuimenus.JQUeryUIMenus"/>
  <system-out/>
  <testcase name="chooseEnabledTest" time="2.537" classname="capitolis.qa.jqueryuimenus.JQUeryUIMenus"/>
  <system-out/>
  <testcase name="chooseDownloadsTest" time="3.258" classname="capitolis.qa.jqueryuimenus.JQUeryUIMenus"/>
  <system-out/>
  <testcase name="chooseExcelTest" time="8.172" classname="capitolis.qa.jqueryuimenus.JQUeryUIMenus"/>
  <system-out/>
  <testcase name="excelFileValidationTest" time="8.176" classname="capitolis.qa.jqueryuimenus.JQUeryUIMenus"/>
  <system-out/>
  <testcase name="taxValueTest" time="8.747" classname="capitolis.qa.jqueryuimenus.JQUeryUIMenus"/>
  <system-out/>
</testsuite> <!-- capitolis.qa.jqueryuimenus.JQUeryUIMenus -->
