<?xml version="1.0" encoding="UTF-8"?>
<!-- Generated by org.testng.reporters.JUnitReportReporter -->
<testsuite skipped="5" hostname="Rayhans-MBP.fios-router.home" name="capitolis.qa.jqueryuimenus.JQUeryUIMenus" tests="6" failures="0" timestamp="2022-03-13T16:25:37 EDT" time="11.193" errors="0">
  <testcase name="taxValueTest" time="11.193" classname="capitolis.qa.jqueryuimenus.JQUeryUIMenus"/>
  <system-out/>
  <testcase name="jQueryUIMenusButtonTest" classname="capitolis.qa.jqueryuimenus.JQUeryUIMenus">
    <skipped/>
  </testcase> <!-- jQueryUIMenusButtonTest -->
  <system-out/>
  <testcase name="chooseExcelTest" classname="capitolis.qa.jqueryuimenus.JQUeryUIMenus">
    <skipped/>
  </testcase> <!-- chooseExcelTest -->
  <system-out/>
  <testcase name="chooseDownloadsTest" classname="capitolis.qa.jqueryuimenus.JQUeryUIMenus">
    <skipped/>
  </testcase> <!-- chooseDownloadsTest -->
  <system-out/>
  <testcase name="excelFileValidationTest" classname="capitolis.qa.jqueryuimenus.JQUeryUIMenus">
    <skipped/>
  </testcase> <!-- excelFileValidationTest -->
  <system-out/>
  <testcase name="chooseEnabledTest" classname="capitolis.qa.jqueryuimenus.JQUeryUIMenus">
    <skipped/>
  </testcase> <!-- chooseEnabledTest -->
  <system-out/>
</testsuite> <!-- capitolis.qa.jqueryuimenus.JQUeryUIMenus -->
