<?xml version="1.0" encoding="UTF-8"?>
<!-- Generated by org.testng.reporters.JUnitReportReporter -->
<testsuite skipped="0" hostname="Rayhans-MBP.fios-router.home" name="capitolis.qa.dynamiccontrols.DynamicControls" tests="4" failures="0" timestamp="2022-03-13T22:03:33 EDT" time="137.748" errors="0">
  <testcase name="dynamicControlsButtonTest" time="32.259" classname="capitolis.qa.dynamiccontrols.DynamicControls"/>
  <system-out/>
  <testcase name="aCheckBoxCheckedTest" time="32.464" classname="capitolis.qa.dynamiccontrols.DynamicControls"/>
  <system-out/>
  <testcase name="removeButtonTest" time="32.529" classname="capitolis.qa.dynamiccontrols.DynamicControls"/>
  <system-out/>
  <testcase name="messageAfterClickOnRemoveTest" time="40.496" classname="capitolis.qa.dynamiccontrols.DynamicControls"/>
  <system-out/>
</testsuite> <!-- capitolis.qa.dynamiccontrols.DynamicControls -->
