<?xml version="1.0" encoding="UTF-8"?>
<!-- Generated by org.testng.reporters.JUnitReportReporter -->
<testsuite skipped="0" hostname="Rayhans-MBP.fios-router.home" name="capitolis.qa.frames.Frames" tests="4" failures="0" timestamp="2022-03-13T22:03:33 EDT" time="282.380" errors="0">
  <testcase name="framesButtonTest" time="32.550" classname="capitolis.qa.frames.Frames"/>
  <system-out/>
  <testcase name="iFramesButtonTest" time="63.143" classname="capitolis.qa.frames.Frames"/>
  <system-out/>
  <testcase name="clearTextBox" time="93.369" classname="capitolis.qa.frames.Frames"/>
  <system-out/>
  <testcase name="nameInTextBox" time="93.318" classname="capitolis.qa.frames.Frames"/>
  <system-out/>
</testsuite> <!-- capitolis.qa.frames.Frames -->
