<?xml version="1.0" encoding="UTF-8"?>
<!-- Generated by org.testng.reporters.JUnitReportReporter -->
<testsuite skipped="4" hostname="Rayhans-MBP.fios-router.home" name="capitolis.qa.checkbox.CheckBoxes" tests="5" failures="0" timestamp="2022-03-13T16:17:48 EDT" time="34.928" errors="0">
  <testcase name="checkBox2WithoutSelectTest" time="34.928" classname="capitolis.qa.checkbox.CheckBoxes"/>
  <system-out/>
  <testcase name="checKBoxButtonTest" classname="capitolis.qa.checkbox.CheckBoxes">
    <skipped/>
  </testcase> <!-- checKBoxButtonTest -->
  <system-out/>
  <testcase name="checkBox2WithSelectTest" classname="capitolis.qa.checkbox.CheckBoxes">
    <skipped/>
  </testcase> <!-- checkBox2WithSelectTest -->
  <system-out/>
  <testcase name="checkBox1WithoutSelectTest" classname="capitolis.qa.checkbox.CheckBoxes">
    <skipped/>
  </testcase> <!-- checkBox1WithoutSelectTest -->
  <system-out/>
  <testcase name="checkBox1WithSelectTest" classname="capitolis.qa.checkbox.CheckBoxes">
    <skipped/>
  </testcase> <!-- checkBox1WithSelectTest -->
  <system-out/>
</testsuite> <!-- capitolis.qa.checkbox.CheckBoxes -->
