<?xml version="1.0" encoding="UTF-8"?>
<!-- Generated by org.testng.reporters.JUnitReportReporter -->
<testsuite skipped="0" hostname="Rayhans-MBP.fios-router.home" name="capitolis.qa.basicauth.BasicAuth" tests="3" failures="0" timestamp="2022-03-13T22:03:33 EDT" time="102.542" errors="0">
  <testcase name="basicAuthButtonTest" time="32.291" classname="capitolis.qa.basicauth.BasicAuth"/>
  <system-out/>
  <testcase name="authenticationPopUpHandleTest" time="32.595" classname="capitolis.qa.basicauth.BasicAuth"/>
  <system-out/>
  <testcase name="validationAfterPopUpHandleTest" time="37.656" classname="capitolis.qa.basicauth.BasicAuth"/>
  <system-out/>
</testsuite> <!-- capitolis.qa.basicauth.BasicAuth -->
