<?xml version="1.0" encoding="UTF-8"?>
<!-- Generated by org.testng.reporters.JUnitReportReporter -->
<testsuite skipped="3" hostname="Rayhans-MBP.fios-router.home" name="capitolis.qa.frames.Frames" tests="4" failures="0" timestamp="2022-03-12T14:56:56 EST" time="93.332" errors="0">
  <testcase name="nameInTextBox" time="93.332" classname="capitolis.qa.frames.Frames"/>
  <system-out/>
  <testcase name="clearTextBox" classname="capitolis.qa.frames.Frames">
    <skipped/>
  </testcase> <!-- clearTextBox -->
  <system-out/>
  <testcase name="iFramesButtonTest" classname="capitolis.qa.frames.Frames">
    <skipped/>
  </testcase> <!-- iFramesButtonTest -->
  <system-out/>
  <testcase name="framesButtonTest" classname="capitolis.qa.frames.Frames">
    <skipped/>
  </testcase> <!-- framesButtonTest -->
  <system-out/>
</testsuite> <!-- capitolis.qa.frames.Frames -->
